[35mthings-to-do:build[0m: cache hit, replaying output [2m51ccc8b00a4f66bd[0m
[35mthings-to-do:build: [0m
[35mthings-to-do:build: [0m> things-to-do@0.1.0 build
[35mthings-to-do:build: [0m> react-scripts build
[35mthings-to-do:build: [0m
[35mthings-to-do:build: [0mCreating an optimized production build...
[35mthings-to-do:build: [0mCompiled successfully.
[35mthings-to-do:build: [0m
[35mthings-to-do:build: [0mFile sizes after gzip:
[35mthings-to-do:build: [0m
[35mthings-to-do:build: [0m  50.21 KB  build/static/js/2.68cc1c4b.chunk.js
[35mthings-to-do:build: [0m  1.63 KB   build/static/js/3.40936e18.chunk.js
[35mthings-to-do:build: [0m  1.17 KB   build/static/js/runtime-main.12e19f3f.js
[35mthings-to-do:build: [0m  443 B     build/static/js/main.b5ee8777.chunk.js
[35mthings-to-do:build: [0m  278 B     build/static/css/main.6dea0f05.chunk.css
[35mthings-to-do:build: [0m
[35mthings-to-do:build: [0mThe project was built assuming it is hosted at /.
[35mthings-to-do:build: [0mYou can control this with the homepage field in your package.json.
[35mthings-to-do:build: [0m
[35mthings-to-do:build: [0mThe build folder is ready to be deployed.
[35mthings-to-do:build: [0mYou may serve it with a static server:
[35mthings-to-do:build: [0m
[35mthings-to-do:build: [0m  npm install -g serve
[35mthings-to-do:build: [0m  serve -s build
[35mthings-to-do:build: [0m
[35mthings-to-do:build: [0mFind out more about deployment here:
[35mthings-to-do:build: [0m
[35mthings-to-do:build: [0m  https://cra.link/deployment
[35mthings-to-do:build: [0m
